{"name": "Проверка создание заказа - авторизованный пользователь - успешное создание заказа", "status": "broken", "statusDetails": {"message": "selenium.common.exceptions.TimeoutException: Message:", "trace": "self = <tests.test_constructor_page.TestConstructorPage object at 0x10608b3d0>, driver = <selenium.webdriver.firefox.webdriver.WebDriver (session=\"d597ef6f-0374-4de0-a888-f76ddaa67cd7\")>\nset_token = 'Bearer eyJhbGciOiJIUzI1NiIsInR5cCI6IkpXVCJ9.eyJpZCI6IjY2YWZlODRiOWVkMjgwMDAxYjQ4NGMwYSIsImlhdCI6MTcyMjgwNDI5OSwiZXhwIjoxNzIyODA1NDk5fQ.Pc8I_1i2ovPmMvoD151ej-b90yf5kBjijSflPb4xOt8'\ncreate_order_ui = <page_objects.constructor_page.ConstructorPage object at 0x10635f8e0>\n\n    @allure.title('Проверка создание заказа - авторизованный пользователь - успешное создание заказа')\n    def test_create_order_with_access_token_successful_creation(self, driver, set_token, create_order_ui):\n>       create_order_ui.wait_overlay()\n\ntests/test_constructor_page.py:56: \n_ _ _ _ _ _ _ _ _ _ _ _ _ _ _ _ _ _ _ _ _ _ _ _ _ _ _ _ _ _ _ _ _ _ _ _ _ _ _ _ _ _ _ _ _ _ _ _ _ _ _ _ _ _ _ _ _ _ _ _ _ _ _ _ _ _ _ _ _ _ _ _ _ _ _ _ _ _ _ _ _ _ _ _ _ _ _ _ _ _ _ _ _ _ _ _ _ _ _ _ _ _ _ _ _ _ _ _ _ _ _ _ _ _ _ _ \npage_objects/base_page.py:21: in wait_overlay\n    WebDriverWait(self.driver, 5).until(expected_conditions.invisibility_of_element(CommonLocators.OVERLAY2))\n_ _ _ _ _ _ _ _ _ _ _ _ _ _ _ _ _ _ _ _ _ _ _ _ _ _ _ _ _ _ _ _ _ _ _ _ _ _ _ _ _ _ _ _ _ _ _ _ _ _ _ _ _ _ _ _ _ _ _ _ _ _ _ _ _ _ _ _ _ _ _ _ _ _ _ _ _ _ _ _ _ _ _ _ _ _ _ _ _ _ _ _ _ _ _ _ _ _ _ _ _ _ _ _ _ _ _ _ _ _ _ _ _ _ _ _ \n\nself = <selenium.webdriver.support.wait.WebDriverWait (session=\"d597ef6f-0374-4de0-a888-f76ddaa67cd7\")>, method = <function invisibility_of_element_located.<locals>._predicate at 0x106079790>, message = ''\n\n    def until(self, method: Callable[[D], Union[Literal[False], T]], message: str = \"\") -> T:\n        \"\"\"Calls the method provided with the driver as an argument until the \\\n        return value does not evaluate to ``False``.\n    \n        :param method: callable(WebDriver)\n        :param message: optional message for :exc:`TimeoutException`\n        :returns: the result of the last call to `method`\n        :raises: :exc:`selenium.common.exceptions.TimeoutException` if timeout occurs\n        \"\"\"\n        screen = None\n        stacktrace = None\n    \n        end_time = time.monotonic() + self._timeout\n        while True:\n            try:\n                value = method(self._driver)\n                if value:\n                    return value\n            except self._ignored_exceptions as exc:\n                screen = getattr(exc, \"screen\", None)\n                stacktrace = getattr(exc, \"stacktrace\", None)\n            time.sleep(self._poll)\n            if time.monotonic() > end_time:\n                break\n>       raise TimeoutException(message, screen, stacktrace)\nE       selenium.common.exceptions.TimeoutException: Message:\n\n../../../../Учёба/ЯндексПрактикум/Yandex-проекты/Diplom_3/venv/lib/python3.9/site-packages/selenium/webdriver/support/wait.py:105: TimeoutException"}, "parameters": [{"name": "driver", "value": "'firefox'"}], "start": 1722804305087, "stop": 1722804310293, "uuid": "49262142-5454-49fe-a36c-58119da76aec", "historyId": "b11012109bd4e6b71388ecc4cdcf34af", "testCaseId": "b812ac512c34242720c465e582b456ed", "fullName": "tests.test_constructor_page.TestConstructorPage#test_create_order_with_access_token_successful_creation", "labels": [{"name": "parentSuite", "value": "tests"}, {"name": "suite", "value": "test_constructor_page"}, {"name": "subSuite", "value": "TestConstructorPage"}, {"name": "host", "value": "MacBook-Air-Vladislav.local"}, {"name": "thread", "value": "15527-MainThread"}, {"name": "framework", "value": "pytest"}, {"name": "language", "value": "cpython3"}, {"name": "package", "value": "tests.test_constructor_page"}]}